#! /c/Source/iverilog-install/bin/vvp
:ivl_version "12.0 (devel)" "(s20150603-1539-g2693dd32b)";
:ivl_delay_selection "TYPICAL";
:vpi_time_precision - 12;
:vpi_module "C:\iverilog\lib\ivl\system.vpi";
:vpi_module "C:\iverilog\lib\ivl\vhdl_sys.vpi";
:vpi_module "C:\iverilog\lib\ivl\vhdl_textio.vpi";
:vpi_module "C:\iverilog\lib\ivl\v2005_math.vpi";
:vpi_module "C:\iverilog\lib\ivl\va_math.vpi";
S_000001ff9891e6d0 .scope module, "tb_butterfly" "tb_butterfly" 2 70;
 .timescale -9 -12;
v000001ff9896f5b0_0 .net/s "X1_i", 11 0, v000001ff989085f0_0;  1 drivers
v000001ff9896ec50_0 .net/s "X1_r", 11 0, v000001ff988e3120_0;  1 drivers
v000001ff9896f650_0 .net/s "X2_i", 11 0, v000001ff98908690_0;  1 drivers
v000001ff9896ef70_0 .net/s "X2_r", 11 0, v000001ff98908730_0;  1 drivers
v000001ff9896ed90_0 .var/s "w_i", 11 0;
v000001ff9896ee30_0 .var/s "w_r", 11 0;
v000001ff9896f010_0 .var/s "x1_i", 11 0;
v000001ff9896e930_0 .var/s "x1_r", 11 0;
v000001ff9896e890_0 .var/s "x2_i", 11 0;
v000001ff9896f6f0_0 .var/s "x2_r", 11 0;
S_000001ff9891e860 .scope module, "dut" "butterfly" 2 76, 2 1 0, S_000001ff9891e6d0;
 .timescale 0 0;
    .port_info 0 /INPUT 12 "x1_r";
    .port_info 1 /INPUT 12 "x1_i";
    .port_info 2 /INPUT 12 "x2_r";
    .port_info 3 /INPUT 12 "x2_i";
    .port_info 4 /INPUT 12 "w_r";
    .port_info 5 /INPUT 12 "w_i";
    .port_info 6 /OUTPUT 12 "X1_r";
    .port_info 7 /OUTPUT 12 "X1_i";
    .port_info 8 /OUTPUT 12 "X2_r";
    .port_info 9 /OUTPUT 12 "X2_i";
v000001ff989085f0_0 .var/s "X1_i", 11 0;
v000001ff988e3120_0 .var/s "X1_r", 11 0;
v000001ff98908690_0 .var/s "X2_i", 11 0;
v000001ff98908730_0 .var/s "X2_r", 11 0;
v000001ff989087d0_0 .var/s "ac", 23 0;
v000001ff98908870_0 .var/s "ad", 23 0;
v000001ff98908910_0 .var/s "bc", 23 0;
v000001ff989089b0_0 .var/s "bd", 23 0;
v000001ff98913580_0 .var/s "s_i", 23 0;
v000001ff98913620_0 .var/s "s_r", 23 0;
v000001ff989136c0_0 .var/s "sum_i", 12 0;
v000001ff98913760_0 .var/s "sum_r", 12 0;
v000001ff98913800_0 .net/s "w_i", 11 0, v000001ff9896ed90_0;  1 drivers
v000001ff989138a0_0 .net/s "w_r", 11 0, v000001ff9896ee30_0;  1 drivers
v000001ff98913940_0 .net/s "x1_i", 11 0, v000001ff9896f010_0;  1 drivers
v000001ff989139e0_0 .net/s "x1_r", 11 0, v000001ff9896e930_0;  1 drivers
v000001ff9896ea70_0 .net/s "x2_i", 11 0, v000001ff9896e890_0;  1 drivers
v000001ff9896f510_0 .net/s "x2_r", 11 0, v000001ff9896f6f0_0;  1 drivers
E_000001ff9891d0a0/0 .event anyedge, v000001ff989139e0_0, v000001ff9896f510_0, v000001ff98913940_0, v000001ff9896ea70_0;
E_000001ff9891d0a0/1 .event anyedge, v000001ff98913760_0, v000001ff989136c0_0, v000001ff989138a0_0, v000001ff98913800_0;
E_000001ff9891d0a0/2 .event anyedge, v000001ff989087d0_0, v000001ff989089b0_0, v000001ff98908870_0, v000001ff98908910_0;
E_000001ff9891d0a0/3 .event anyedge, v000001ff98913620_0, v000001ff98913580_0;
E_000001ff9891d0a0 .event/or E_000001ff9891d0a0/0, E_000001ff9891d0a0/1, E_000001ff9891d0a0/2, E_000001ff9891d0a0/3;
    .scope S_000001ff9891e860;
T_0 ;
    %wait E_000001ff9891d0a0;
    %load/vec4 v000001ff989139e0_0;
    %pad/s 13;
    %load/vec4 v000001ff9896f510_0;
    %pad/s 13;
    %add;
    %store/vec4 v000001ff98913760_0, 0, 13;
    %load/vec4 v000001ff98913940_0;
    %pad/s 13;
    %load/vec4 v000001ff9896ea70_0;
    %pad/s 13;
    %add;
    %store/vec4 v000001ff989136c0_0, 0, 13;
    %load/vec4 v000001ff98913760_0;
    %cmpi/s 2047, 0, 13;
    %flag_or 5, 4; GT is !LE
    %flag_inv 5;
    %jmp/0xz  T_0.0, 5;
    %pushi/vec4 2047, 0, 12;
    %store/vec4 v000001ff988e3120_0, 0, 12;
    %jmp T_0.1;
T_0.0 ;
    %load/vec4 v000001ff98913760_0;
    %cmpi/s 6144, 0, 13;
    %jmp/0xz  T_0.2, 5;
    %pushi/vec4 2048, 0, 12;
    %store/vec4 v000001ff988e3120_0, 0, 12;
    %jmp T_0.3;
T_0.2 ;
    %load/vec4 v000001ff98913760_0;
    %parti/s 12, 0, 2;
    %store/vec4 v000001ff988e3120_0, 0, 12;
T_0.3 ;
T_0.1 ;
    %load/vec4 v000001ff989136c0_0;
    %cmpi/s 2047, 0, 13;
    %flag_or 5, 4; GT is !LE
    %flag_inv 5;
    %jmp/0xz  T_0.4, 5;
    %pushi/vec4 2047, 0, 12;
    %store/vec4 v000001ff989085f0_0, 0, 12;
    %jmp T_0.5;
T_0.4 ;
    %load/vec4 v000001ff989136c0_0;
    %cmpi/s 6144, 0, 13;
    %jmp/0xz  T_0.6, 5;
    %pushi/vec4 2048, 0, 12;
    %store/vec4 v000001ff989085f0_0, 0, 12;
    %jmp T_0.7;
T_0.6 ;
    %load/vec4 v000001ff989136c0_0;
    %parti/s 12, 0, 2;
    %store/vec4 v000001ff989085f0_0, 0, 12;
T_0.7 ;
T_0.5 ;
    %load/vec4 v000001ff989139e0_0;
    %pad/s 24;
    %load/vec4 v000001ff9896f510_0;
    %pad/s 24;
    %sub;
    %load/vec4 v000001ff989138a0_0;
    %pad/s 24;
    %mul;
    %store/vec4 v000001ff989087d0_0, 0, 24;
    %load/vec4 v000001ff98913940_0;
    %pad/s 24;
    %load/vec4 v000001ff9896ea70_0;
    %pad/s 24;
    %sub;
    %load/vec4 v000001ff98913800_0;
    %pad/s 24;
    %mul;
    %store/vec4 v000001ff989089b0_0, 0, 24;
    %load/vec4 v000001ff989139e0_0;
    %pad/s 24;
    %load/vec4 v000001ff9896f510_0;
    %pad/s 24;
    %sub;
    %load/vec4 v000001ff98913800_0;
    %pad/s 24;
    %mul;
    %store/vec4 v000001ff98908870_0, 0, 24;
    %load/vec4 v000001ff98913940_0;
    %pad/s 24;
    %load/vec4 v000001ff9896ea70_0;
    %pad/s 24;
    %sub;
    %load/vec4 v000001ff989138a0_0;
    %pad/s 24;
    %mul;
    %store/vec4 v000001ff98908910_0, 0, 24;
    %load/vec4 v000001ff989087d0_0;
    %load/vec4 v000001ff989089b0_0;
    %sub;
    %ix/load 4, 7, 0;
    %flag_set/imm 4, 0;
    %shiftr/s 4;
    %store/vec4 v000001ff98913620_0, 0, 24;
    %load/vec4 v000001ff98908870_0;
    %load/vec4 v000001ff98908910_0;
    %add;
    %ix/load 4, 7, 0;
    %flag_set/imm 4, 0;
    %shiftr/s 4;
    %store/vec4 v000001ff98913580_0, 0, 24;
    %load/vec4 v000001ff98913620_0;
    %cmpi/s 2047, 0, 24;
    %flag_or 5, 4; GT is !LE
    %flag_inv 5;
    %jmp/0xz  T_0.8, 5;
    %pushi/vec4 2047, 0, 12;
    %store/vec4 v000001ff98908730_0, 0, 12;
    %jmp T_0.9;
T_0.8 ;
    %load/vec4 v000001ff98913620_0;
    %cmpi/s 16775168, 0, 24;
    %jmp/0xz  T_0.10, 5;
    %pushi/vec4 2048, 0, 12;
    %store/vec4 v000001ff98908730_0, 0, 12;
    %jmp T_0.11;
T_0.10 ;
    %load/vec4 v000001ff98913620_0;
    %parti/s 12, 0, 2;
    %store/vec4 v000001ff98908730_0, 0, 12;
T_0.11 ;
T_0.9 ;
    %load/vec4 v000001ff98913580_0;
    %cmpi/s 2047, 0, 24;
    %flag_or 5, 4; GT is !LE
    %flag_inv 5;
    %jmp/0xz  T_0.12, 5;
    %pushi/vec4 2047, 0, 12;
    %store/vec4 v000001ff98908690_0, 0, 12;
    %jmp T_0.13;
T_0.12 ;
    %load/vec4 v000001ff98913580_0;
    %cmpi/s 16775168, 0, 24;
    %jmp/0xz  T_0.14, 5;
    %pushi/vec4 2048, 0, 12;
    %store/vec4 v000001ff98908690_0, 0, 12;
    %jmp T_0.15;
T_0.14 ;
    %load/vec4 v000001ff98913580_0;
    %parti/s 12, 0, 2;
    %store/vec4 v000001ff98908690_0, 0, 12;
T_0.15 ;
T_0.13 ;
    %jmp T_0;
    .thread T_0, $push;
    .scope S_000001ff9891e6d0;
T_1 ;
    %pushi/vec4 1408, 0, 12;
    %store/vec4 v000001ff9896e930_0, 0, 12;
    %pushi/vec4 640, 0, 12;
    %store/vec4 v000001ff9896f010_0, 0, 12;
    %pushi/vec4 1280, 0, 12;
    %store/vec4 v000001ff9896f6f0_0, 0, 12;
    %pushi/vec4 128, 0, 12;
    %store/vec4 v000001ff9896e890_0, 0, 12;
    %pushi/vec4 192, 0, 12;
    %store/vec4 v000001ff9896ee30_0, 0, 12;
    %pushi/vec4 512, 0, 12;
    %store/vec4 v000001ff9896ed90_0, 0, 12;
    %delay 5000, 0;
    %vpi_call 2 91 "$display", "%12b %12b %12b %12b", v000001ff9896ec50_0, v000001ff9896f5b0_0, v000001ff9896ef70_0, v000001ff9896f650_0 {0 0 0};
    %end;
    .thread T_1;
# The file index is used to find the file name in the following table.
:file_names 3;
    "N/A";
    "<interactive>";
    "butterfly.v";
